#
# A fatal error has been detected by the Java Runtime Environment:
#
#  Internal Error (javaClasses.cpp:136), pid=6392, tid=7596
#  fatal error: Invalid layout of preloaded class
#
# JRE version:  (7.0_51-b13) (build )
# Java VM: Java HotSpot(TM) 64-Bit Server VM (24.51-b03 mixed mode windows-amd64 compressed oops)
# Failed to write core dump. Minidumps are not enabled by default on client versions of Windows
#
# If you would like to submit a bug report, please visit:
#   http://bugreport.sun.com/bugreport/crash.jsp
#

---------------  T H R E A D  ---------------

Current thread (0x0000000001e8d800):  JavaThread "Unknown thread" [_thread_in_vm, id=7596, stack(0x0000000002980000,0x0000000002a80000)]

Stack: [0x0000000002980000,0x0000000002a80000]

---------------  P R O C E S S  ---------------

Java Threads: ( => current thread )

Other Threads:

=>0x0000000001e8d800 (exited) JavaThread "Unknown thread" [_thread_in_vm, id=7596, stack(0x0000000002980000,0x0000000002a80000)]

VM state:not at safepoint (not fully initialized)

VM Mutex/Monitor currently owned by a thread: None

GC Heap History (0 events):
No events

Deoptimization events (0 events):
No events

Internal exceptions (0 events):
No events

Events (10 events):
Event: 0.008 loading class 0x0000000002740920 done
Event: 0.008 loading class 0x0000000002740340 done
Event: 0.008 loading class 0x0000000002740320
Event: 0.008 loading class 0x0000000002748420
Event: 0.008 loading class 0x0000000002748420 done
Event: 0.008 loading class 0x0000000002748450
Event: 0.008 loading class 0x0000000002748450 done
Event: 0.008 loading class 0x0000000002748480
Event: 0.008 loading class 0x0000000002748480 done
Event: 0.008 loading class 0x0000000002740320 done


Dynamic libraries:
0x000000013ff80000 - 0x000000013ffb3000 	C:\Program Files\Java\jdk1.7.0_51\bin\javaw.exe
0x0000000076d20000 - 0x0000000076ec9000 	C:\Windows\SYSTEM32\ntdll.dll
0x0000000076b00000 - 0x0000000076c1f000 	C:\Windows\system32\kernel32.dll
0x000007fefcdc0000 - 0x000007fefce2b000 	C:\Windows\system32\KERNELBASE.dll
0x00000000749c0000 - 0x0000000074a47000 	C:\Windows\System32\SYSFER.DLL
0x000007fefed50000 - 0x000007fefee2b000 	C:\Windows\system32\ADVAPI32.dll
0x000007fefef90000 - 0x000007feff02f000 	C:\Windows\system32\msvcrt.dll
0x000007fefd160000 - 0x000007fefd17f000 	C:\Windows\SYSTEM32\sechost.dll
0x000007fefee60000 - 0x000007fefef8d000 	C:\Windows\system32\RPCRT4.dll
0x0000000076c20000 - 0x0000000076d1a000 	C:\Windows\system32\USER32.dll
0x000007fefd050000 - 0x000007fefd0b7000 	C:\Windows\system32\GDI32.dll
0x000007fefd6e0000 - 0x000007fefd6ee000 	C:\Windows\system32\LPK.dll
0x000007fefec30000 - 0x000007fefecf9000 	C:\Windows\system32\USP10.dll
0x000007fefb8d0000 - 0x000007fefbac4000 	C:\Windows\WinSxS\amd64_microsoft.windows.common-controls_6595b64144ccf1df_6.0.7601.17514_none_fa396087175ac9ac\COMCTL32.dll
0x000007fefd6f0000 - 0x000007fefd761000 	C:\Windows\system32\SHLWAPI.dll
0x000007fefee30000 - 0x000007fefee5e000 	C:\Windows\system32\IMM32.DLL
0x000007fefd2b0000 - 0x000007fefd3b9000 	C:\Windows\system32\MSCTF.dll
0x0000000066880000 - 0x0000000066952000 	C:\Program Files\Java\jdk1.7.0_51\jre\bin\msvcr100.dll
0x00000000637b0000 - 0x0000000063f79000 	C:\Program Files\Java\jdk1.7.0_51\jre\bin\server\jvm.dll
0x000007fef9750000 - 0x000007fef9759000 	C:\Windows\system32\WSOCK32.dll
0x000007fefed00000 - 0x000007fefed4d000 	C:\Windows\system32\WS2_32.dll
0x000007fefd040000 - 0x000007fefd048000 	C:\Windows\system32\NSI.dll
0x000007fefa9b0000 - 0x000007fefa9eb000 	C:\Windows\system32\WINMM.dll
0x0000000076ef0000 - 0x0000000076ef7000 	C:\Windows\system32\PSAPI.DLL
0x0000000073380000 - 0x000000007338f000 	C:\Program Files\Java\jdk1.7.0_51\jre\bin\verify.dll
0x0000000073350000 - 0x0000000073378000 	C:\Program Files\Java\jdk1.7.0_51\jre\bin\java.dll
0x0000000073330000 - 0x0000000073345000 	C:\Program Files\Java\jdk1.7.0_51\jre\bin\zip.dll

VM Arguments:
jvm_args: -Dfile.encoding=UTF-8 -Xbootclasspath:D:\android-sdk\platforms\android-19\android.jar 
java_command: wei.Test
Launcher Type: SUN_STANDARD

Environment Variables:
JAVA_HOME=C:\Program Files\Java\jdk1.7.0_51
CLASSPATH=.;C:\Program Files\Java\jdk1.7.0_51/lib/dt.jar;C:\Program Files\Java\jdk1.7.0_51/lib/tools.jar
PATH=C:/Program Files/Java/jdk1.7.0_51/bin/../jre/bin/server;C:/Program Files/Java/jdk1.7.0_51/bin/../jre/bin;C:/Program Files/Java/jdk1.7.0_51/bin/../jre/lib/amd64;C:\Program Files\Java\jdk1.7.0_51/bin;C:\Program Files\Java\jdk1.7.0_51/jre/bin;C:\Windows\system32;C:\Windows;C:\Windows\System32\Wbem;C:\Windows\System32\WindowsPowerShell\v1.0\;C:\Program Files (x86)\ATI Technologies\ATI.ACE\Core-Static;D:\android-sdk\tools;D:\android-sdk\platform-tools;D:\eclipse;
USERNAME=weisk
OS=Windows_NT
PROCESSOR_IDENTIFIER=Intel64 Family 6 Model 42 Stepping 7, GenuineIntel



---------------  S Y S T E M  ---------------

OS: Windows 7 , 64 bit Build 7601 Service Pack 1

CPU:total 4 (4 cores per cpu, 1 threads per core) family 6 model 42 stepping 7, cmov, cx8, fxsr, mmx, sse, sse2, sse3, ssse3, sse4.1, sse4.2, popcnt, avx, aes, tsc, tscinvbit

Memory: 4k page, physical 12538812k(6847908k free), swap 25075764k(17616032k free)

vm_info: Java HotSpot(TM) 64-Bit Server VM (24.51-b03) for windows-amd64 JRE (1.7.0_51-b13), built on Dec 18 2013 18:40:56 by "java_re" with unknown MS VC++:1600

time: Thu Apr 17 16:34:40 2014
elapsed time: 0 seconds

